17:13:07 **** Incremental Build of configuration Debug for project Resp_HRV_Monitor ****
make -j9 all 
arm-none-eabi-gcc -mcpu=cortex-m4 -g3 -DDEBUG -c -x assembler-with-cpp -MMD -MP -MF"EWARM/startup_stm32l476xx.d" -MT"EWARM/startup_stm32l476xx.o" --specs=nano.specs -mfpu=fpv4-sp-d16 -mfloat-abi=hard -mthumb -o "EWARM/startup_stm32l476xx.o" "../EWARM/startup_stm32l476xx.s"
arm-none-eabi-gcc "../Drivers/STM32L4xx_HAL_Driver/Src/stm32l4xx_hal.c" -mcpu=cortex-m4 -std=gnu11 -g3 -DDEBUG -DSTM32L4 -DSTM32 -DNUCLEO_L476RG -DSTM32L476RGTx -c -I../Inc -O0 -ffunction-sections -fdata-sections -Wall -fstack-usage -fcyclomatic-complexity -MMD -MP -MF"Drivers/STM32L4xx_HAL_Driver/Src/stm32l4xx_hal.d" -MT"Drivers/STM32L4xx_HAL_Driver/Src/stm32l4xx_hal.o" --specs=nano.specs -mfpu=fpv4-sp-d16 -mfloat-abi=hard -mthumb -o "Drivers/STM32L4xx_HAL_Driver/Src/stm32l4xx_hal.o"
arm-none-eabi-gcc "../Drivers/STM32L4xx_HAL_Driver/Src/stm32l4xx_hal_adc.c" -mcpu=cortex-m4 -std=gnu11 -g3 -DDEBUG -DSTM32L4 -DSTM32 -DNUCLEO_L476RG -DSTM32L476RGTx -c -I../Inc -O0 -ffunction-sections -fdata-sections -Wall -fstack-usage -fcyclomatic-complexity -MMD -MP -MF"Drivers/STM32L4xx_HAL_Driver/Src/stm32l4xx_hal_adc.d" -MT"Drivers/STM32L4xx_HAL_Driver/Src/stm32l4xx_hal_adc.o" --specs=nano.specs -mfpu=fpv4-sp-d16 -mfloat-abi=hard -mthumb -o "Drivers/STM32L4xx_HAL_Driver/Src/stm32l4xx_hal_adc.o"
arm-none-eabi-gcc "../Drivers/STM32L4xx_HAL_Driver/Src/stm32l4xx_hal_adc_ex.c" -mcpu=cortex-m4 -std=gnu11 -g3 -DDEBUG -DSTM32L4 -DSTM32 -DNUCLEO_L476RG -DSTM32L476RGTx -c -I../Inc -O0 -ffunction-sections -fdata-sections -Wall -fstack-usage -fcyclomatic-complexity -MMD -MP -MF"Drivers/STM32L4xx_HAL_Driver/Src/stm32l4xx_hal_adc_ex.d" -MT"Drivers/STM32L4xx_HAL_Driver/Src/stm32l4xx_hal_adc_ex.o" --specs=nano.specs -mfpu=fpv4-sp-d16 -mfloat-abi=hard -mthumb -o "Drivers/STM32L4xx_HAL_Driver/Src/stm32l4xx_hal_adc_ex.o"
arm-none-eabi-gcc "../Drivers/STM32L4xx_HAL_Driver/Src/stm32l4xx_hal_can.c" -mcpu=cortex-m4 -std=gnu11 -g3 -DDEBUG -DSTM32L4 -DSTM32 -DNUCLEO_L476RG -DSTM32L476RGTx -c -I../Inc -O0 -ffunction-sections -fdata-sections -Wall -fstack-usage -fcyclomatic-complexity -MMD -MP -MF"Drivers/STM32L4xx_HAL_Driver/Src/stm32l4xx_hal_can.d" -MT"Drivers/STM32L4xx_HAL_Driver/Src/stm32l4xx_hal_can.o" --specs=nano.specs -mfpu=fpv4-sp-d16 -mfloat-abi=hard -mthumb -o "Drivers/STM32L4xx_HAL_Driver/Src/stm32l4xx_hal_can.o"
arm-none-eabi-gcc "../Drivers/STM32L4xx_HAL_Driver/Src/stm32l4xx_hal_comp.c" -mcpu=cortex-m4 -std=gnu11 -g3 -DDEBUG -DSTM32L4 -DSTM32 -DNUCLEO_L476RG -DSTM32L476RGTx -c -I../Inc -O0 -ffunction-sections -fdata-sections -Wall -fstack-usage -fcyclomatic-complexity -MMD -MP -MF"Drivers/STM32L4xx_HAL_Driver/Src/stm32l4xx_hal_comp.d" -MT"Drivers/STM32L4xx_HAL_Driver/Src/stm32l4xx_hal_comp.o" --specs=nano.specs -mfpu=fpv4-sp-d16 -mfloat-abi=hard -mthumb -o "Drivers/STM32L4xx_HAL_Driver/Src/stm32l4xx_hal_comp.o"
arm-none-eabi-gcc "../Drivers/STM32L4xx_HAL_Driver/Src/stm32l4xx_hal_cortex.c" -mcpu=cortex-m4 -std=gnu11 -g3 -DDEBUG -DSTM32L4 -DSTM32 -DNUCLEO_L476RG -DSTM32L476RGTx -c -I../Inc -O0 -ffunction-sections -fdata-sections -Wall -fstack-usage -fcyclomatic-complexity -MMD -MP -MF"Drivers/STM32L4xx_HAL_Driver/Src/stm32l4xx_hal_cortex.d" -MT"Drivers/STM32L4xx_HAL_Driver/Src/stm32l4xx_hal_cortex.o" --specs=nano.specs -mfpu=fpv4-sp-d16 -mfloat-abi=hard -mthumb -o "Drivers/STM32L4xx_HAL_Driver/Src/stm32l4xx_hal_cortex.o"
arm-none-eabi-gcc "../Drivers/STM32L4xx_HAL_Driver/Src/stm32l4xx_hal_crc.c" -mcpu=cortex-m4 -std=gnu11 -g3 -DDEBUG -DSTM32L4 -DSTM32 -DNUCLEO_L476RG -DSTM32L476RGTx -c -I../Inc -O0 -ffunction-sections -fdata-sections -Wall -fstack-usage -fcyclomatic-complexity -MMD -MP -MF"Drivers/STM32L4xx_HAL_Driver/Src/stm32l4xx_hal_crc.d" -MT"Drivers/STM32L4xx_HAL_Driver/Src/stm32l4xx_hal_crc.o" --specs=nano.specs -mfpu=fpv4-sp-d16 -mfloat-abi=hard -mthumb -o "Drivers/STM32L4xx_HAL_Driver/Src/stm32l4xx_hal_crc.o"
arm-none-eabi-gcc "../Drivers/STM32L4xx_HAL_Driver/Src/stm32l4xx_hal_crc_ex.c" -mcpu=cortex-m4 -std=gnu11 -g3 -DDEBUG -DSTM32L4 -DSTM32 -DNUCLEO_L476RG -DSTM32L476RGTx -c -I../Inc -O0 -ffunction-sections -fdata-sections -Wall -fstack-usage -fcyclomatic-complexity -MMD -MP -MF"Drivers/STM32L4xx_HAL_Driver/Src/stm32l4xx_hal_crc_ex.d" -MT"Drivers/STM32L4xx_HAL_Driver/Src/stm32l4xx_hal_crc_ex.o" --specs=nano.specs -mfpu=fpv4-sp-d16 -mfloat-abi=hard -mthumb -o "Drivers/STM32L4xx_HAL_Driver/Src/stm32l4xx_hal_crc_ex.o"
../Drivers/STM32L4xx_HAL_Driver/Src/stm32l4xx_hal_adc_ex.c:33:10: fatal error: stm32l4xx_hal.h: No such file or directory
   33 | #include "stm32l4xx_hal.h"
      |          ^~~~~~~~~~~~~~~~~
../Drivers/STM32L4xx_HAL_Driver/Src/stm32l4xx_hal_adc.c:295:10: fatal error: stm32l4xx_hal.h: No such file or directory
  295 | #include "stm32l4xx_hal.h"
      |          ^~~~~~~~~~~~~~~~~
../Drivers/STM32L4xx_HAL_Driver/Src/stm32l4xx_hal_comp.c:189:10: fatal error: stm32l4xx_hal.h: No such file or directory
  189 | #include "stm32l4xx_hal.h"
      |          ^~~~~~~~~~~~~~~~~
../Drivers/STM32L4xx_HAL_Driver/Src/stm32l4xx_hal_crc_ex.c:33:10: fatal error: stm32l4xx_hal.h: No such file or directory
   33 | #include "stm32l4xx_hal.h"
      |          ^~~~~~~~~~~~~~~~~
../Drivers/STM32L4xx_HAL_Driver/Src/stm32l4xx_hal.c:36:10: fatal error: stm32l4xx_hal.h: No such file or directory
   36 | #include "stm32l4xx_hal.h"
      |          ^~~~~~~~~~~~~~~~~
compilation terminated.
compilation terminated.
compilation terminated.
compilation terminated.
compilation terminated.
../Drivers/STM32L4xx_HAL_Driver/Src/stm32l4xx_hal_can.c:213:10: fatal error: stm32l4xx_hal.h: No such file or directory
  213 | #include "stm32l4xx_hal.h"
      |          ^~~~~~~~~~~~~~~~~
compilation terminated.
../Drivers/STM32L4xx_HAL_Driver/Src/stm32l4xx_hal_crc.c:46:10: fatal error: stm32l4xx_hal.h: No such file or directory
   46 | #include "stm32l4xx_hal.h"
      |          ^~~~~~~~~~~~~~~~~
compilation terminated.
../Drivers/STM32L4xx_HAL_Driver/Src/stm32l4xx_hal_cortex.c:104:10: fatal error: stm32l4xx_hal.h: No such file or directory
  104 | #include "stm32l4xx_hal.h"
      |          ^~~~~~~~~~~~~~~~~
compilation terminated.
make: *** [Drivers/STM32L4xx_HAL_Driver/Src/subdir.mk:331: Drivers/STM32L4xx_HAL_Driver/Src/stm32l4xx_hal_comp.o] Error 1
make: *** Waiting for unfinished jobs....
make: *** [Drivers/STM32L4xx_HAL_Driver/Src/subdir.mk:331: Drivers/STM32L4xx_HAL_Driver/Src/stm32l4xx_hal_crc_ex.o] Error 1
make: *** [Drivers/STM32L4xx_HAL_Driver/Src/subdir.mk:331: Drivers/STM32L4xx_HAL_Driver/Src/stm32l4xx_hal_can.o] Error 1
make: *** [Drivers/STM32L4xx_HAL_Driver/Src/subdir.mk:331: Drivers/STM32L4xx_HAL_Driver/Src/stm32l4xx_hal_adc_ex.o] Error 1
make: *** [Drivers/STM32L4xx_HAL_Driver/Src/subdir.mk:331: Drivers/STM32L4xx_HAL_Driver/Src/stm32l4xx_hal_adc.o] Error 1
make: *** [Drivers/STM32L4xx_HAL_Driver/Src/subdir.mk:331: Drivers/STM32L4xx_HAL_Driver/Src/stm32l4xx_hal_crc.o] Error 1
make: *** [Drivers/STM32L4xx_HAL_Driver/Src/subdir.mk:331: Drivers/STM32L4xx_HAL_Driver/Src/stm32l4xx_hal.o] Error 1
make: *** [Drivers/STM32L4xx_HAL_Driver/Src/subdir.mk:331: Drivers/STM32L4xx_HAL_Driver/Src/stm32l4xx_hal_cortex.o] Error 1
../EWARM/startup_stm32l476xx.s: Assembler messages:
../EWARM/startup_stm32l476xx.s:1: Error: junk at end of line, first unrecognized character is `*'
../EWARM/startup_stm32l476xx.s:2: Error: junk at end of line, first unrecognized character is `*'
../EWARM/startup_stm32l476xx.s:3: Error: junk at end of line, first unrecognized character is `*'
../EWARM/startup_stm32l476xx.s:4: Error: junk at end of line, first unrecognized character is `*'
../EWARM/startup_stm32l476xx.s:5: Error: junk at end of line, first unrecognized character is `*'
../EWARM/startup_stm32l476xx.s:6: Error: junk at end of line, first unrecognized character is `*'
../EWARM/startup_stm32l476xx.s:7: Error: junk at end of line, first unrecognized character is `*'
../EWARM/startup_stm32l476xx.s:8: Error: junk at end of line, first unrecognized character is `*'
../EWARM/startup_stm32l476xx.s:9: Error: junk at end of line, first unrecognized character is `*'
../EWARM/startup_stm32l476xx.s:10: Error: junk at end of line, first unrecognized character is `*'
../EWARM/startup_stm32l476xx.s:11: Error: junk at end of line, first unrecognized character is `*'
../EWARM/startup_stm32l476xx.s:12: Error: junk at end of line, first unrecognized character is `*'
../EWARM/startup_stm32l476xx.s:13: Error: junk at end of line, first unrecognized character is `*'
../EWARM/startup_stm32l476xx.s:14: Error: junk at end of line, first unrecognized character is `*'
../EWARM/startup_stm32l476xx.s:15: Error: junk at end of line, first unrecognized character is `*'
../EWARM/startup_stm32l476xx.s:16: Error: junk at end of line, first unrecognized character is `*'
../EWARM/startup_stm32l476xx.s:17: Error: junk at end of line, first unrecognized character is `*'
../EWARM/startup_stm32l476xx.s:18: Error: junk at end of line, first unrecognized character is `*'
../EWARM/startup_stm32l476xx.s:19: Error: junk at end of line, first unrecognized character is `*'
../EWARM/startup_stm32l476xx.s:20: Error: junk at end of line, first unrecognized character is `*'
../EWARM/startup_stm32l476xx.s:21: Error: junk at end of line, first unrecognized character is `*'
../EWARM/startup_stm32l476xx.s:22: Error: junk at end of line, first unrecognized character is `*'
../EWARM/startup_stm32l476xx.s:24: Error: junk at end of line, first unrecognized character is `*'
../EWARM/startup_stm32l476xx.s:27: Error: bad instruction `the modules in this file are included in the libraries,and may be replaced'
../EWARM/startup_stm32l476xx.s:28: Error: bad instruction `by any user-defined modules that define the PUBLIC symbol _program_start or'
../EWARM/startup_stm32l476xx.s:29: Error: bad instruction `a user defined start symbol.'
../EWARM/startup_stm32l476xx.s:30: Error: bad instruction `to override the cstartup defined in the library,simply add your modified'
../EWARM/startup_stm32l476xx.s:31: Error: bad instruction `version to the workbench project.'
../EWARM/startup_stm32l476xx.s:33: Error: bad instruction `the vector table is normally located at address 0.'
../EWARM/startup_stm32l476xx.s:34: Error: bad instruction `when debugging in RAM,it can be located in RAM,aligned to at least 2^6.'
../EWARM/startup_stm32l476xx.s:35: Error: bad instruction `the name "__vector_table" has special meaning for C-SPY:'
../EWARM/startup_stm32l476xx.s:36: Error: condition required -- `it is where the SP start value is found,and the NVIC vector'
../EWARM/startup_stm32l476xx.s:37: Error: bad instruction `table register(VTOR)is initialized to this address if!=0.'
../EWARM/startup_stm32l476xx.s:39: Error: bad instruction `cortex-M version'
../EWARM/startup_stm32l476xx.s:42: Error: bad instruction `module ?cstartup'
../EWARM/startup_stm32l476xx.s:44: Error: bad instruction `forward declaration of sections.'
../EWARM/startup_stm32l476xx.s:45: Error: bad instruction `section CSTACK:DATA:NOROOT(3)'
../EWARM/startup_stm32l476xx.s:47: Error: bad instruction `section .intvec:CODE:NOROOT(2)'
../EWARM/startup_stm32l476xx.s:49: Error: bad instruction `extern __iar_program_start'
../EWARM/startup_stm32l476xx.s:50: Error: bad instruction `extern SystemInit'
../EWARM/startup_stm32l476xx.s:51: Error: bad instruction `public __vector_table'
../EWARM/startup_stm32l476xx.s:53: Error: bad instruction `data'
../EWARM/startup_stm32l476xx.s:54: Error: bad instruction `__vector_table'
../EWARM/startup_stm32l476xx.s:55: Error: bad instruction `dcd sfe(CSTACK)'
../EWARM/startup_stm32l476xx.s:56: Error: bad instruction `dcd Reset_Handler'
../EWARM/startup_stm32l476xx.s:56: Error: bad instruction `reset Handler'
../EWARM/startup_stm32l476xx.s:58: Error: bad instruction `dcd NMI_Handler'
../EWARM/startup_stm32l476xx.s:58: Error: bad instruction `nmi Handler'
../EWARM/startup_stm32l476xx.s:59: Error: bad instruction `dcd HardFault_Handler'
../EWARM/startup_stm32l476xx.s:59: Error: bad instruction `hard Fault Handler'
../EWARM/startup_stm32l476xx.s:60: Error: bad instruction `dcd MemManage_Handler'
../EWARM/startup_stm32l476xx.s:60: Error: bad instruction `mpu Fault Handler'
../EWARM/startup_stm32l476xx.s:61: Error: bad instruction `dcd BusFault_Handler'
../EWARM/startup_stm32l476xx.s:61: Error: bad instruction `bus Fault Handler'
../EWARM/startup_stm32l476xx.s:62: Error: bad instruction `dcd UsageFault_Handler'
../EWARM/startup_stm32l476xx.s:62: Error: bad instruction `usage Fault Handler'
../EWARM/startup_stm32l476xx.s:63: Error: bad instruction `dcd 0'
../EWARM/startup_stm32l476xx.s:63: Error: bad instruction `reserved'
../EWARM/startup_stm32l476xx.s:64: Error: bad instruction `dcd 0'
../EWARM/startup_stm32l476xx.s:64: Error: bad instruction `reserved'
../EWARM/startup_stm32l476xx.s:65: Error: bad instruction `dcd 0'
../EWARM/startup_stm32l476xx.s:65: Error: bad instruction `reserved'
../EWARM/startup_stm32l476xx.s:66: Error: bad instruction `dcd 0'
../EWARM/startup_stm32l476xx.s:66: Error: bad instruction `reserved'
../EWARM/startup_stm32l476xx.s:67: Error: bad instruction `dcd SVC_Handler'
../EWARM/startup_stm32l476xx.s:67: Error: bad instruction `svcall Handler'
../EWARM/startup_stm32l476xx.s:68: Error: bad instruction `dcd DebugMon_Handler'
../EWARM/startup_stm32l476xx.s:68: Error: bad instruction `debug Monitor Handler'
../EWARM/startup_stm32l476xx.s:69: Error: bad instruction `dcd 0'
../EWARM/startup_stm32l476xx.s:69: Error: bad instruction `reserved'
../EWARM/startup_stm32l476xx.s:70: Error: bad instruction `dcd PendSV_Handler'
../EWARM/startup_stm32l476xx.s:70: Error: bad instruction `pendsv Handler'
../EWARM/startup_stm32l476xx.s:71: Error: bad instruction `dcd SysTick_Handler'
../EWARM/startup_stm32l476xx.s:71: Error: bad instruction `systick Handler'
../EWARM/startup_stm32l476xx.s:73: Error: bad instruction `external Interrupts'
../EWARM/startup_stm32l476xx.s:74: Error: bad instruction `dcd WWDG_IRQHandler'
../EWARM/startup_stm32l476xx.s:74: Error: bad instruction `window WatchDog'
../EWARM/startup_stm32l476xx.s:75: Error: bad instruction `dcd PVD_PVM_IRQHandler'
../EWARM/startup_stm32l476xx.s:75: Error: bad instruction `pvd/PVM1/PVM2/PVM3/PVM4 through EXTI Line detection'
../EWARM/startup_stm32l476xx.s:76: Error: bad instruction `dcd TAMP_STAMP_IRQHandler'
../EWARM/startup_stm32l476xx.s:76: Error: bad instruction `tamper and TimeStamps through the EXTI line'
../EWARM/startup_stm32l476xx.s:77: Error: bad instruction `dcd RTC_WKUP_IRQHandler'
../EWARM/startup_stm32l476xx.s:77: Error: bad instruction `rtc Wakeup through the EXTI line'
../EWARM/startup_stm32l476xx.s:78: Error: bad instruction `dcd FLASH_IRQHandler'
../EWARM/startup_stm32l476xx.s:78: Error: bad instruction `flash'
../EWARM/startup_stm32l476xx.s:79: Error: bad instruction `dcd RCC_IRQHandler'
../EWARM/startup_stm32l476xx.s:79: Error: bad instruction `rcc'
../EWARM/startup_stm32l476xx.s:80: Error: bad instruction `dcd EXTI0_IRQHandler'
../EWARM/startup_stm32l476xx.s:80: Error: bad instruction `exti Line0'
../EWARM/startup_stm32l476xx.s:81: Error: bad instruction `dcd EXTI1_IRQHandler'
../EWARM/startup_stm32l476xx.s:81: Error: bad instruction `exti Line1'
../EWARM/startup_stm32l476xx.s:82: Error: bad instruction `dcd EXTI2_IRQHandler'
../EWARM/startup_stm32l476xx.s:82: Error: bad instruction `exti Line2'
../EWARM/startup_stm32l476xx.s:83: Error: bad instruction `dcd EXTI3_IRQHandler'
../EWARM/startup_stm32l476xx.s:83: Error: bad instruction `exti Line3'
../EWARM/startup_stm32l476xx.s:84: Error: bad instruction `dcd EXTI4_IRQHandler'
../EWARM/startup_stm32l476xx.s:84: Error: bad instruction `exti Line4'
../EWARM/startup_stm32l476xx.s:85: Error: bad instruction `dcd DMA1_Channel1_IRQHandler'
../EWARM/startup_stm32l476xx.s:85: Error: bad instruction `dma1 Channel 1'
../EWARM/startup_stm32l476xx.s:86: Error: bad instruction `dcd DMA1_Channel2_IRQHandler'
../EWARM/startup_stm32l476xx.s:86: Error: bad instruction `dma1 Channel 2'
../EWARM/startup_stm32l476xx.s:87: Error: bad instruction `dcd DMA1_Channel3_IRQHandler'
../EWARM/startup_stm32l476xx.s:87: Error: bad instruction `dma1 Channel 3'
../EWARM/startup_stm32l476xx.s:88: Error: bad instruction `dcd DMA1_Channel4_IRQHandler'
../EWARM/startup_stm32l476xx.s:88: Error: bad instruction `dma1 Channel 4'
../EWARM/startup_stm32l476xx.s:89: Error: bad instruction `dcd DMA1_Channel5_IRQHandler'
../EWARM/startup_stm32l476xx.s:89: Error: bad instruction `dma1 Channel 5'
../EWARM/startup_stm32l476xx.s:90: Error: bad instruction `dcd DMA1_Channel6_IRQHandler'
../EWARM/startup_stm32l476xx.s:90: Error: bad instruction `dma1 Channel 6'
../EWARM/startup_stm32l476xx.s:91: Error: bad instruction `dcd DMA1_Channel7_IRQHandler'
../EWARM/startup_stm32l476xx.s:91: Error: bad instruction `dma1 Channel 7'
../EWARM/startup_stm32l476xx.s:92: Error: bad instruction `dcd ADC1_2_IRQHandler'
../EWARM/startup_stm32l476xx.s:92: Error: bad instruction `adc1, ADC2'
../EWARM/startup_stm32l476xx.s:93: Error: bad instruction `dcd CAN1_TX_IRQHandler'
../EWARM/startup_stm32l476xx.s:93: Error: bad instruction `can1 TX'
../EWARM/startup_stm32l476xx.s:94: Error: bad instruction `dcd CAN1_RX0_IRQHandler'
../EWARM/startup_stm32l476xx.s:94: Error: bad instruction `can1 RX0'
../EWARM/startup_stm32l476xx.s:95: Error: bad instruction `dcd CAN1_RX1_IRQHandler'
../EWARM/startup_stm32l476xx.s:95: Error: bad instruction `can1 RX1'
../EWARM/startup_stm32l476xx.s:96: Error: bad instruction `dcd CAN1_SCE_IRQHandler'
../EWARM/startup_stm32l476xx.s:96: Error: bad instruction `can1 SCE'
../EWARM/startup_stm32l476xx.s:97: Error: bad instruction `dcd EXTI9_5_IRQHandler'
../EWARM/startup_stm32l476xx.s:97: Error: bad instruction `external Line[9:5]s'
../EWARM/startup_stm32l476xx.s:98: Error: bad instruction `dcd TIM1_BRK_TIM15_IRQHandler'
../EWARM/startup_stm32l476xx.s:98: Error: bad instruction `tim1 Break and TIM15'
../EWARM/startup_stm32l476xx.s:99: Error: bad instruction `dcd TIM1_UP_TIM16_IRQHandler'
../EWARM/startup_stm32l476xx.s:99: Error: bad instruction `tim1 Update and TIM16'
../EWARM/startup_stm32l476xx.s:100: Error: bad instruction `dcd TIM1_TRG_COM_TIM17_IRQHandler'
../EWARM/startup_stm32l476xx.s:100: Error: bad instruction `tim1 Trigger and Commutation and TIM17'
../EWARM/startup_stm32l476xx.s:101: Error: bad instruction `dcd TIM1_CC_IRQHandler'
../EWARM/startup_stm32l476xx.s:101: Error: bad instruction `tim1 Capture Compare'
../EWARM/startup_stm32l476xx.s:102: Error: bad instruction `dcd TIM2_IRQHandler'
../EWARM/startup_stm32l476xx.s:102: Error: bad instruction `tim2'
../EWARM/startup_stm32l476xx.s:103: Error: bad instruction `dcd TIM3_IRQHandler'
../EWARM/startup_stm32l476xx.s:103: Error: bad instruction `tim3'
../EWARM/startup_stm32l476xx.s:104: Error: bad instruction `dcd TIM4_IRQHandler'
../EWARM/startup_stm32l476xx.s:104: Error: bad instruction `tim4'
../EWARM/startup_stm32l476xx.s:105: Error: bad instruction `dcd I2C1_EV_IRQHandler'
../EWARM/startup_stm32l476xx.s:105: Error: bad instruction `i2c1 Event'
../EWARM/startup_stm32l476xx.s:106: Error: bad instruction `dcd I2C1_ER_IRQHandler'
../EWARM/startup_stm32l476xx.s:106: Error: bad instruction `i2c1 Error'
../EWARM/startup_stm32l476xx.s:107: Error: bad instruction `dcd I2C2_EV_IRQHandler'
../EWARM/startup_stm32l476xx.s:107: Error: bad instruction `i2c2 Event'
../EWARM/startup_stm32l476xx.s:108: Error: bad instruction `dcd I2C2_ER_IRQHandler'
../EWARM/startup_stm32l476xx.s:108: Error: bad instruction `i2c2 Error'
../EWARM/startup_stm32l476xx.s:109: Error: bad instruction `dcd SPI1_IRQHandler'
../EWARM/startup_stm32l476xx.s:109: Error: bad instruction `spi1'
../EWARM/startup_stm32l476xx.s:110: Error: bad instruction `dcd SPI2_IRQHandler'
../EWARM/startup_stm32l476xx.s:110: Error: bad instruction `spi2'
../EWARM/startup_stm32l476xx.s:111: Error: bad instruction `dcd USART1_IRQHandler'
../EWARM/startup_stm32l476xx.s:111: Error: bad instruction `usart1'
../EWARM/startup_stm32l476xx.s:112: Error: bad instruction `dcd USART2_IRQHandler'
../EWARM/startup_stm32l476xx.s:112: Error: bad instruction `usart2'
../EWARM/startup_stm32l476xx.s:113: Error: bad instruction `dcd USART3_IRQHandler'
../EWARM/startup_stm32l476xx.s:113: Error: bad instruction `usart3'
../EWARM/startup_stm32l476xx.s:114: Error: bad instruction `dcd EXTI15_10_IRQHandler'
../EWARM/startup_stm32l476xx.s:114: Error: bad instruction `external Line[15:10]'
../EWARM/startup_stm32l476xx.s:115: Error: bad instruction `dcd RTC_Alarm_IRQHandler'
../EWARM/startup_stm32l476xx.s:115: Error: bad instruction `rtc Alarm(A and B)through EXTI Line'
../EWARM/startup_stm32l476xx.s:116: Error: bad instruction `dcd DFSDM1_FLT3_IRQHandler'
../EWARM/startup_stm32l476xx.s:116: Error: bad instruction `dfsdm1 Filter 3 global Interrupt'
../EWARM/startup_stm32l476xx.s:117: Error: bad instruction `dcd TIM8_BRK_IRQHandler'
../EWARM/startup_stm32l476xx.s:117: Error: bad instruction `tim8 Break Interrupt'
../EWARM/startup_stm32l476xx.s:118: Error: bad instruction `dcd TIM8_UP_IRQHandler'
../EWARM/startup_stm32l476xx.s:118: Error: bad instruction `tim8 Update Interrupt'
../EWARM/startup_stm32l476xx.s:119: Error: bad instruction `dcd TIM8_TRG_COM_IRQHandler'
../EWARM/startup_stm32l476xx.s:119: Error: bad instruction `tim8 Trigger and Commutation Interrupt'
../EWARM/startup_stm32l476xx.s:120: Error: bad instruction `dcd TIM8_CC_IRQHandler'
../EWARM/startup_stm32l476xx.s:120: Error: bad instruction `tim8 Capture Compare Interrupt'
../EWARM/startup_stm32l476xx.s:121: Error: bad instruction `dcd ADC3_IRQHandler'
../EWARM/startup_stm32l476xx.s:121: Error: bad instruction `adc3 global Interrupt'
../EWARM/startup_stm32l476xx.s:122: Error: bad instruction `dcd FMC_IRQHandler'
../EWARM/startup_stm32l476xx.s:122: Error: bad instruction `fmc'
../EWARM/startup_stm32l476xx.s:123: Error: bad instruction `dcd SDMMC1_IRQHandler'
../EWARM/startup_stm32l476xx.s:123: Error: bad instruction `sdmmc1'
../EWARM/startup_stm32l476xx.s:124: Error: bad instruction `dcd TIM5_IRQHandler'
../EWARM/startup_stm32l476xx.s:124: Error: bad instruction `tim5'
../EWARM/startup_stm32l476xx.s:125: Error: bad instruction `dcd SPI3_IRQHandler'
../EWARM/startup_stm32l476xx.s:125: Error: bad instruction `spi3'
../EWARM/startup_stm32l476xx.s:126: Error: bad instruction `dcd UART4_IRQHandler'
../EWARM/startup_stm32l476xx.s:126: Error: bad instruction `uart4'
../EWARM/startup_stm32l476xx.s:127: Error: bad instruction `dcd UART5_IRQHandler'
../EWARM/startup_stm32l476xx.s:127: Error: bad instruction `uart5'
../EWARM/startup_stm32l476xx.s:128: Error: bad instruction `dcd TIM6_DAC_IRQHandler'
../EWARM/startup_stm32l476xx.s:128: Error: bad instruction `tim6 and DAC1&2 underrun errors'
../EWARM/startup_stm32l476xx.s:129: Error: bad instruction `dcd TIM7_IRQHandler'
../EWARM/startup_stm32l476xx.s:129: Error: bad instruction `tim7'
../EWARM/startup_stm32l476xx.s:130: Error: bad instruction `dcd DMA2_Channel1_IRQHandler'
../EWARM/startup_stm32l476xx.s:130: Error: bad instruction `dma2 Channel 1'
../EWARM/startup_stm32l476xx.s:131: Error: bad instruction `dcd DMA2_Channel2_IRQHandler'
../EWARM/startup_stm32l476xx.s:131: Error: bad instruction `dma2 Channel 2'
../EWARM/startup_stm32l476xx.s:132: Error: bad instruction `dcd DMA2_Channel3_IRQHandler'
../EWARM/startup_stm32l476xx.s:132: Error: bad instruction `dma2 Channel 3'
../EWARM/startup_stm32l476xx.s:133: Error: bad instruction `dcd DMA2_Channel4_IRQHandler'
../EWARM/startup_stm32l476xx.s:133: Error: bad instruction `dma2 Channel 4'
../EWARM/startup_stm32l476xx.s:134: Error: bad instruction `dcd DMA2_Channel5_IRQHandler'
../EWARM/startup_stm32l476xx.s:134: Error: bad instruction `dma2 Channel 5'
../EWARM/startup_stm32l476xx.s:135: Error: bad instruction `dcd DFSDM1_FLT0_IRQHandler'
../EWARM/startup_stm32l476xx.s:135: Error: bad instruction `dfsdm1 Filter 0 global Interrupt'
../EWARM/startup_stm32l476xx.s:136: Error: bad instruction `dcd DFSDM1_FLT1_IRQHandler'
../EWARM/startup_stm32l476xx.s:136: Error: bad instruction `dfsdm1 Filter 1 global Interrupt'
../EWARM/startup_stm32l476xx.s:137: Error: bad instruction `dcd DFSDM1_FLT2_IRQHandler'
../EWARM/startup_stm32l476xx.s:137: Error: bad instruction `dfsdm1 Filter 2 global Interrupt'
../EWARM/startup_stm32l476xx.s:138: Error: bad instruction `dcd COMP_IRQHandler'
../EWARM/startup_stm32l476xx.s:138: Error: bad instruction `comp Interrupt'
../EWARM/startup_stm32l476xx.s:139: Error: bad instruction `dcd LPTIM1_IRQHandler'
../EWARM/startup_stm32l476xx.s:139: Error: bad instruction `lp TIM1 interrupt'
../EWARM/startup_stm32l476xx.s:140: Error: bad instruction `dcd LPTIM2_IRQHandler'
../EWARM/startup_stm32l476xx.s:140: Error: bad instruction `lp TIM2 interrupt'
../EWARM/startup_stm32l476xx.s:141: Error: bad instruction `dcd OTG_FS_IRQHandler'
../EWARM/startup_stm32l476xx.s:141: Error: bad instruction `usb OTG FS'
../EWARM/startup_stm32l476xx.s:142: Error: bad instruction `dcd DMA2_Channel6_IRQHandler'
../EWARM/startup_stm32l476xx.s:142: Error: bad instruction `dma2 Channel 6'
../EWARM/startup_stm32l476xx.s:143: Error: bad instruction `dcd DMA2_Channel7_IRQHandler'
../EWARM/startup_stm32l476xx.s:143: Error: bad instruction `dma2 Channel 7'
../EWARM/startup_stm32l476xx.s:144: Error: bad instruction `dcd LPUART1_IRQHandler'
../EWARM/startup_stm32l476xx.s:144: Error: bad instruction `lp UART 1 interrupt'
../EWARM/startup_stm32l476xx.s:145: Error: bad instruction `dcd QUADSPI_IRQHandler'
../EWARM/startup_stm32l476xx.s:145: Error: bad instruction `quad SPI global interrupt'
../EWARM/startup_stm32l476xx.s:146: Error: bad instruction `dcd I2C3_EV_IRQHandler'
../EWARM/startup_stm32l476xx.s:146: Error: bad instruction `i2c3 event'
../EWARM/startup_stm32l476xx.s:147: Error: bad instruction `dcd I2C3_ER_IRQHandler'
../EWARM/startup_stm32l476xx.s:147: Error: bad instruction `i2c3 error'
../EWARM/startup_stm32l476xx.s:148: Error: bad instruction `dcd SAI1_IRQHandler'
../EWARM/startup_stm32l476xx.s:148: Error: bad instruction `serial Audio Interface 1 global interrupt'
../EWARM/startup_stm32l476xx.s:149: Error: bad instruction `dcd SAI2_IRQHandler'
../EWARM/startup_stm32l476xx.s:149: Error: bad instruction `serial Audio Interface 2 global interrupt'
../EWARM/startup_stm32l476xx.s:150: Error: bad instruction `dcd SWPMI1_IRQHandler'
../EWARM/startup_stm32l476xx.s:150: Error: bad instruction `serial Wire Interface global interrupt'
../EWARM/startup_stm32l476xx.s:151: Error: bad instruction `dcd TSC_IRQHandler'
../EWARM/startup_stm32l476xx.s:151: Error: bad instruction `touch Sense Controller global interrupt'
../EWARM/startup_stm32l476xx.s:152: Error: bad instruction `dcd LCD_IRQHandler'
../EWARM/startup_stm32l476xx.s:152: Error: bad instruction `lcd global interrupt'
../EWARM/startup_stm32l476xx.s:153: Error: bad instruction `dcd 0'
../EWARM/startup_stm32l476xx.s:153: Error: bad instruction `reserved'
../EWARM/startup_stm32l476xx.s:154: Error: bad instruction `dcd RNG_IRQHandler'
../EWARM/startup_stm32l476xx.s:154: Error: bad instruction `rng global interrupt'
../EWARM/startup_stm32l476xx.s:155: Error: bad instruction `dcd FPU_IRQHandler'
../EWARM/startup_stm32l476xx.s:155: Error: bad instruction `fpu'
../EWARM/startup_stm32l476xx.s:159: Error: bad instruction `default interrupt handlers.'
../EWARM/startup_stm32l476xx.s:161: Error: bad instruction `thumb'
../EWARM/startup_stm32l476xx.s:162: Error: bad instruction `pubweak Reset_Handler'
../EWARM/startup_stm32l476xx.s:163: Error: bad instruction `section .text:CODE:NOROOT:REORDER(2)'
../EWARM/startup_stm32l476xx.s:164: Error: bad instruction `reset_handler'
../EWARM/startup_stm32l476xx.s:170: Error: bad instruction `pubweak NMI_Handler'
../EWARM/startup_stm32l476xx.s:171: Error: bad instruction `section .text:CODE:NOROOT:REORDER(1)'
../EWARM/startup_stm32l476xx.s:172: Error: bad instruction `nmi_handler'
../EWARM/startup_stm32l476xx.s:175: Error: bad instruction `pubweak HardFault_Handler'
../EWARM/startup_stm32l476xx.s:176: Error: bad instruction `section .text:CODE:NOROOT:REORDER(1)'
../EWARM/startup_stm32l476xx.s:177: Error: bad instruction `hardfault_handler'
../EWARM/startup_stm32l476xx.s:180: Error: bad instruction `pubweak MemManage_Handler'
../EWARM/startup_stm32l476xx.s:181: Error: bad instruction `section .text:CODE:NOROOT:REORDER(1)'
../EWARM/startup_stm32l476xx.s:182: Error: bad instruction `memmanage_handler'
../EWARM/startup_stm32l476xx.s:185: Error: bad instruction `pubweak BusFault_Handler'
../EWARM/startup_stm32l476xx.s:186: Error: bad instruction `section .text:CODE:NOROOT:REORDER(1)'
../EWARM/startup_stm32l476xx.s:187: Error: bad instruction `busfault_handler'
../EWARM/startup_stm32l476xx.s:190: Error: bad instruction `pubweak UsageFault_Handler'
../EWARM/startup_stm32l476xx.s:191: Error: bad instruction `section .text:CODE:NOROOT:REORDER(1)'
../EWARM/startup_stm32l476xx.s:192: Error: bad instruction `usagefault_handler'
../EWARM/startup_stm32l476xx.s:195: Error: bad instruction `pubweak SVC_Handler'
../EWARM/startup_stm32l476xx.s:196: Error: bad instruction `section .text:CODE:NOROOT:REORDER(1)'
../EWARM/startup_stm32l476xx.s:197: Error: bad instruction `svc_handler'
../EWARM/startup_stm32l476xx.s:200: Error: bad instruction `pubweak DebugMon_Handler'
../EWARM/startup_stm32l476xx.s:201: Error: bad instruction `section .text:CODE:NOROOT:REORDER(1)'
../EWARM/startup_stm32l476xx.s:202: Error: bad instruction `debugmon_handler'
../EWARM/startup_stm32l476xx.s:205: Error: bad instruction `pubweak PendSV_Handler'
../EWARM/startup_stm32l476xx.s:206: Error: bad instruction `section .text:CODE:NOROOT:REORDER(1)'
../EWARM/startup_stm32l476xx.s:207: Error: bad instruction `pendsv_handler'
../EWARM/startup_stm32l476xx.s:210: Error: bad instruction `pubweak SysTick_Handler'
../EWARM/startup_stm32l476xx.s:211: Error: bad instruction `section .text:CODE:NOROOT:REORDER(1)'
../EWARM/startup_stm32l476xx.s:212: Error: bad instruction `systick_handler'
../EWARM/startup_stm32l476xx.s:215: Error: bad instruction `pubweak WWDG_IRQHandler'
../EWARM/startup_stm32l476xx.s:216: Error: bad instruction `section .text:CODE:NOROOT:REORDER(1)'
../EWARM/startup_stm32l476xx.s:217: Error: bad instruction `wwdg_irqhandler'
../EWARM/startup_stm32l476xx.s:220: Error: bad instruction `pubweak PVD_PVM_IRQHandler'
../EWARM/startup_stm32l476xx.s:221: Error: bad instruction `section .text:CODE:NOROOT:REORDER(1)'
../EWARM/startup_stm32l476xx.s:222: Error: bad instruction `pvd_pvm_irqhandler'
../EWARM/startup_stm32l476xx.s:225: Error: bad instruction `pubweak TAMP_STAMP_IRQHandler'
../EWARM/startup_stm32l476xx.s:226: Error: bad instruction `section .text:CODE:NOROOT:REORDER(1)'
../EWARM/startup_stm32l476xx.s:227: Error: bad instruction `tamp_stamp_irqhandler'
../EWARM/startup_stm32l476xx.s:230: Error: bad instruction `pubweak RTC_WKUP_IRQHandler'
../EWARM/startup_stm32l476xx.s:231: Error: bad instruction `section .text:CODE:NOROOT:REORDER(1)'
../EWARM/startup_stm32l476xx.s:232: Error: bad instruction `rtc_wkup_irqhandler'
../EWARM/startup_stm32l476xx.s:235: Error: bad instruction `pubweak FLASH_IRQHandler'
../EWARM/startup_stm32l476xx.s:236: Error: bad instruction `section .text:CODE:NOROOT:REORDER(1)'
../EWARM/startup_stm32l476xx.s:237: Error: bad instruction `flash_irqhandler'
../EWARM/startup_stm32l476xx.s:240: Error: bad instruction `pubweak RCC_IRQHandler'
../EWARM/startup_stm32l476xx.s:241: Error: bad instruction `section .text:CODE:NOROOT:REORDER(1)'
../EWARM/startup_stm32l476xx.s:242: Error: bad instruction `rcc_irqhandler'
../EWARM/startup_stm32l476xx.s:245: Error: bad instruction `pubweak EXTI0_IRQHandler'
../EWARM/startup_stm32l476xx.s:246: Error: bad instruction `section .text:CODE:NOROOT:REORDER(1)'
../EWARM/startup_stm32l476xx.s:247: Error: bad instruction `exti0_irqhandler'
../EWARM/startup_stm32l476xx.s:250: Error: bad instruction `pubweak EXTI1_IRQHandler'
../EWARM/startup_stm32l476xx.s:251: Error: bad instruction `section .text:CODE:NOROOT:REORDER(1)'
../EWARM/startup_stm32l476xx.s:252: Error: bad instruction `exti1_irqhandler'
../EWARM/startup_stm32l476xx.s:255: Error: bad instruction `pubweak EXTI2_IRQHandler'
../EWARM/startup_stm32l476xx.s:256: Error: bad instruction `section .text:CODE:NOROOT:REORDER(1)'
../EWARM/startup_stm32l476xx.s:257: Error: bad instruction `exti2_irqhandler'
../EWARM/startup_stm32l476xx.s:260: Error: bad instruction `pubweak EXTI3_IRQHandler'
../EWARM/startup_stm32l476xx.s:261: Error: bad instruction `section .text:CODE:NOROOT:REORDER(1)'
../EWARM/startup_stm32l476xx.s:262: Error: bad instruction `exti3_irqhandler'
../EWARM/startup_stm32l476xx.s:265: Error: bad instruction `pubweak EXTI4_IRQHandler'
../EWARM/startup_stm32l476xx.s:266: Error: bad instruction `section .text:CODE:NOROOT:REORDER(1)'
../EWARM/startup_stm32l476xx.s:267: Error: bad instruction `exti4_irqhandler'
../EWARM/startup_stm32l476xx.s:270: Error: bad instruction `pubweak DMA1_Channel1_IRQHandler'
../EWARM/startup_stm32l476xx.s:271: Error: bad instruction `section .text:CODE:NOROOT:REORDER(1)'
../EWARM/startup_stm32l476xx.s:272: Error: bad instruction `dma1_channel1_irqhandler'
../EWARM/startup_stm32l476xx.s:275: Error: bad instruction `pubweak DMA1_Channel2_IRQHandler'
../EWARM/startup_stm32l476xx.s:276: Error: bad instruction `section .text:CODE:NOROOT:REORDER(1)'
../EWARM/startup_stm32l476xx.s:277: Error: bad instruction `dma1_channel2_irqhandler'
../EWARM/startup_stm32l476xx.s:280: Error: bad instruction `pubweak DMA1_Channel3_IRQHandler'
../EWARM/startup_stm32l476xx.s:281: Error: bad instruction `section .text:CODE:NOROOT:REORDER(1)'
../EWARM/startup_stm32l476xx.s:282: Error: bad instruction `dma1_channel3_irqhandler'
../EWARM/startup_stm32l476xx.s:285: Error: bad instruction `pubweak DMA1_Channel4_IRQHandler'
../EWARM/startup_stm32l476xx.s:286: Error: bad instruction `section .text:CODE:NOROOT:REORDER(1)'
../EWARM/startup_stm32l476xx.s:287: Error: bad instruction `dma1_channel4_irqhandler'
../EWARM/startup_stm32l476xx.s:290: Error: bad instruction `pubweak DMA1_Channel5_IRQHandler'
../EWARM/startup_stm32l476xx.s:291: Error: bad instruction `section .text:CODE:NOROOT:REORDER(1)'
../EWARM/startup_stm32l476xx.s:292: Error: bad instruction `dma1_channel5_irqhandler'
../EWARM/startup_stm32l476xx.s:295: Error: bad instruction `pubweak DMA1_Channel6_IRQHandler'
../EWARM/startup_stm32l476xx.s:296: Error: bad instruction `section .text:CODE:NOROOT:REORDER(1)'
../EWARM/startup_stm32l476xx.s:297: Error: bad instruction `dma1_channel6_irqhandler'
../EWARM/startup_stm32l476xx.s:300: Error: bad instruction `pubweak DMA1_Channel7_IRQHandler'
../EWARM/startup_stm32l476xx.s:301: Error: bad instruction `section .text:CODE:NOROOT:REORDER(1)'
../EWARM/startup_stm32l476xx.s:302: Error: bad instruction `dma1_channel7_irqhandler'
../EWARM/startup_stm32l476xx.s:305: Error: bad instruction `pubweak ADC1_2_IRQHandler'
../EWARM/startup_stm32l476xx.s:306: Error: bad instruction `section .text:CODE:NOROOT:REORDER(1)'
../EWARM/startup_stm32l476xx.s:307: Error: bad instruction `adc1_2_irqhandler'
../EWARM/startup_stm32l476xx.s:310: Error: bad instruction `pubweak CAN1_TX_IRQHandler'
../EWARM/startup_stm32l476xx.s:311: Error: bad instruction `section .text:CODE:NOROOT:REORDER(1)'
../EWARM/startup_stm32l476xx.s:312: Error: bad instruction `can1_tx_irqhandler'
../EWARM/startup_stm32l476xx.s:315: Error: bad instruction `pubweak CAN1_RX0_IRQHandler'
../EWARM/startup_stm32l476xx.s:316: Error: bad instruction `section .text:CODE:NOROOT:REORDER(1)'
../EWARM/startup_stm32l476xx.s:317: Error: bad instruction `can1_rx0_irqhandler'
../EWARM/startup_stm32l476xx.s:320: Error: bad instruction `pubweak CAN1_RX1_IRQHandler'
../EWARM/startup_stm32l476xx.s:321: Error: bad instruction `section .text:CODE:NOROOT:REORDER(1)'
../EWARM/startup_stm32l476xx.s:322: Error: bad instruction `can1_rx1_irqhandler'
../EWARM/startup_stm32l476xx.s:325: Error: bad instruction `pubweak CAN1_SCE_IRQHandler'
../EWARM/startup_stm32l476xx.s:326: Error: bad instruction `section .text:CODE:NOROOT:REORDER(1)'
../EWARM/startup_stm32l476xx.s:327: Error: bad instruction `can1_sce_irqhandler'
../EWARM/startup_stm32l476xx.s:330: Error: bad instruction `pubweak EXTI9_5_IRQHandler'
../EWARM/startup_stm32l476xx.s:331: Error: bad instruction `section .text:CODE:NOROOT:REORDER(1)'
../EWARM/startup_stm32l476xx.s:332: Error: bad instruction `exti9_5_irqhandler'
../EWARM/startup_stm32l476xx.s:335: Error: bad instruction `pubweak TIM1_BRK_TIM15_IRQHandler'
../EWARM/startup_stm32l476xx.s:336: Error: bad instruction `section .text:CODE:NOROOT:REORDER(1)'
../EWARM/startup_stm32l476xx.s:337: Error: bad instruction `tim1_brk_tim15_irqhandler'
../EWARM/startup_stm32l476xx.s:340: Error: bad instruction `pubweak TIM1_UP_TIM16_IRQHandler'
../EWARM/startup_stm32l476xx.s:341: Error: bad instruction `section .text:CODE:NOROOT:REORDER(1)'
../EWARM/startup_stm32l476xx.s:342: Error: bad instruction `tim1_up_tim16_irqhandler'
../EWARM/startup_stm32l476xx.s:345: Error: bad instruction `pubweak TIM1_TRG_COM_TIM17_IRQHandler'
../EWARM/startup_stm32l476xx.s:346: Error: bad instruction `section .text:CODE:NOROOT:REORDER(1)'
../EWARM/startup_stm32l476xx.s:347: Error: bad instruction `tim1_trg_com_tim17_irqhandler'
../EWARM/startup_stm32l476xx.s:350: Error: bad instruction `pubweak TIM1_CC_IRQHandler'
../EWARM/startup_stm32l476xx.s:351: Error: bad instruction `section .text:CODE:NOROOT:REORDER(1)'
../EWARM/startup_stm32l476xx.s:352: Error: bad instruction `tim1_cc_irqhandler'
../EWARM/startup_stm32l476xx.s:355: Error: bad instruction `pubweak TIM2_IRQHandler'
../EWARM/startup_stm32l476xx.s:356: Error: bad instruction `section .text:CODE:NOROOT:REORDER(1)'
../EWARM/startup_stm32l476xx.s:357: Error: bad instruction `tim2_irqhandler'
../EWARM/startup_stm32l476xx.s:360: Error: bad instruction `pubweak TIM3_IRQHandler'
../EWARM/startup_stm32l476xx.s:361: Error: bad instruction `section .text:CODE:NOROOT:REORDER(1)'
../EWARM/startup_stm32l476xx.s:362: Error: bad instruction `tim3_irqhandler'
../EWARM/startup_stm32l476xx.s:365: Error: bad instruction `pubweak TIM4_IRQHandler'
../EWARM/startup_stm32l476xx.s:366: Error: bad instruction `section .text:CODE:NOROOT:REORDER(1)'
../EWARM/startup_stm32l476xx.s:367: Error: bad instruction `tim4_irqhandler'
../EWARM/startup_stm32l476xx.s:370: Error: bad instruction `pubweak I2C1_EV_IRQHandler'
../EWARM/startup_stm32l476xx.s:371: Error: bad instruction `section .text:CODE:NOROOT:REORDER(1)'
../EWARM/startup_stm32l476xx.s:372: Error: bad instruction `i2c1_ev_irqhandler'
../EWARM/startup_stm32l476xx.s:375: Error: bad instruction `pubweak I2C1_ER_IRQHandler'
../EWARM/startup_stm32l476xx.s:376: Error: bad instruction `section .text:CODE:NOROOT:REORDER(1)'
../EWARM/startup_stm32l476xx.s:377: Error: bad instruction `i2c1_er_irqhandler'
../EWARM/startup_stm32l476xx.s:380: Error: bad instruction `pubweak I2C2_EV_IRQHandler'
../EWARM/startup_stm32l476xx.s:381: Error: bad instruction `section .text:CODE:NOROOT:REORDER(1)'
../EWARM/startup_stm32l476xx.s:382: Error: bad instruction `i2c2_ev_irqhandler'
../EWARM/startup_stm32l476xx.s:385: Error: bad instruction `pubweak I2C2_ER_IRQHandler'
../EWARM/startup_stm32l476xx.s:386: Error: bad instruction `section .text:CODE:NOROOT:REORDER(1)'
../EWARM/startup_stm32l476xx.s:387: Error: bad instruction `i2c2_er_irqhandler'
../EWARM/startup_stm32l476xx.s:390: Error: bad instruction `pubweak SPI1_IRQHandler'
../EWARM/startup_stm32l476xx.s:391: Error: bad instruction `section .text:CODE:NOROOT:REORDER(1)'
../EWARM/startup_stm32l476xx.s:392: Error: bad instruction `spi1_irqhandler'
../EWARM/startup_stm32l476xx.s:395: Error: bad instruction `pubweak SPI2_IRQHandler'
../EWARM/startup_stm32l476xx.s:396: Error: bad instruction `section .text:CODE:NOROOT:REORDER(1)'
../EWARM/startup_stm32l476xx.s:397: Error: bad instruction `spi2_irqhandler'
../EWARM/startup_stm32l476xx.s:400: Error: bad instruction `pubweak USART1_IRQHandler'
../EWARM/startup_stm32l476xx.s:401: Error: bad instruction `section .text:CODE:NOROOT:REORDER(1)'
../EWARM/startup_stm32l476xx.s:402: Error: bad instruction `usart1_irqhandler'
../EWARM/startup_stm32l476xx.s:405: Error: bad instruction `pubweak USART2_IRQHandler'
../EWARM/startup_stm32l476xx.s:406: Error: bad instruction `section .text:CODE:NOROOT:REORDER(1)'
../EWARM/startup_stm32l476xx.s:407: Error: bad instruction `usart2_irqhandler'
../EWARM/startup_stm32l476xx.s:410: Error: bad instruction `pubweak USART3_IRQHandler'
../EWARM/startup_stm32l476xx.s:411: Error: bad instruction `section .text:CODE:NOROOT:REORDER(1)'
../EWARM/startup_stm32l476xx.s:412: Error: bad instruction `usart3_irqhandler'
../EWARM/startup_stm32l476xx.s:415: Error: bad instruction `pubweak EXTI15_10_IRQHandler'
../EWARM/startup_stm32l476xx.s:416: Error: bad instruction `section .text:CODE:NOROOT:REORDER(1)'
../EWARM/startup_stm32l476xx.s:417: Error: bad instruction `exti15_10_irqhandler'
../EWARM/startup_stm32l476xx.s:420: Error: bad instruction `pubweak RTC_Alarm_IRQHandler'
../EWARM/startup_stm32l476xx.s:421: Error: bad instruction `section .text:CODE:NOROOT:REORDER(1)'
../EWARM/startup_stm32l476xx.s:422: Error: bad instruction `rtc_alarm_irqhandler'
../EWARM/startup_stm32l476xx.s:425: Error: bad instruction `pubweak DFSDM1_FLT3_IRQHandler'
../EWARM/startup_stm32l476xx.s:426: Error: bad instruction `section .text:CODE:NOROOT:REORDER(1)'
../EWARM/startup_stm32l476xx.s:427: Error: bad instruction `dfsdm1_flt3_irqhandler'
../EWARM/startup_stm32l476xx.s:430: Error: bad instruction `pubweak TIM8_BRK_IRQHandler'
../EWARM/startup_stm32l476xx.s:431: Error: bad instruction `section .text:CODE:NOROOT:REORDER(1)'
../EWARM/startup_stm32l476xx.s:432: Error: bad instruction `tim8_brk_irqhandler'
../EWARM/startup_stm32l476xx.s:435: Error: bad instruction `pubweak TIM8_UP_IRQHandler'
../EWARM/startup_stm32l476xx.s:436: Error: bad instruction `section .text:CODE:NOROOT:REORDER(1)'
../EWARM/startup_stm32l476xx.s:437: Error: bad instruction `tim8_up_irqhandler'
../EWARM/startup_stm32l476xx.s:440: Error: bad instruction `pubweak TIM8_TRG_COM_IRQHandler'
../EWARM/startup_stm32l476xx.s:441: Error: bad instruction `section .text:CODE:NOROOT:REORDER(1)'
../EWARM/startup_stm32l476xx.s:442: Error: bad instruction `tim8_trg_com_irqhandler'
../EWARM/startup_stm32l476xx.s:445: Error: bad instruction `pubweak TIM8_CC_IRQHandler'
../EWARM/startup_stm32l476xx.s:446: Error: bad instruction `section .text:CODE:NOROOT:REORDER(1)'
../EWARM/startup_stm32l476xx.s:447: Error: bad instruction `tim8_cc_irqhandler'
../EWARM/startup_stm32l476xx.s:450: Error: bad instruction `pubweak ADC3_IRQHandler'
../EWARM/startup_stm32l476xx.s:451: Error: bad instruction `section .text:CODE:NOROOT:REORDER(1)'
../EWARM/startup_stm32l476xx.s:452: Error: bad instruction `adc3_irqhandler'
../EWARM/startup_stm32l476xx.s:455: Error: bad instruction `pubweak FMC_IRQHandler'
../EWARM/startup_stm32l476xx.s:456: Error: bad instruction `section .text:CODE:NOROOT:REORDER(1)'
../EWARM/startup_stm32l476xx.s:457: Error: bad instruction `fmc_irqhandler'
../EWARM/startup_stm32l476xx.s:460: Error: bad instruction `pubweak SDMMC1_IRQHandler'
../EWARM/startup_stm32l476xx.s:461: Error: bad instruction `section .text:CODE:NOROOT:REORDER(1)'
../EWARM/startup_stm32l476xx.s:462: Error: bad instruction `sdmmc1_irqhandler'
../EWARM/startup_stm32l476xx.s:465: Error: bad instruction `pubweak TIM5_IRQHandler'
../EWARM/startup_stm32l476xx.s:466: Error: bad instruction `section .text:CODE:NOROOT:REORDER(1)'
../EWARM/startup_stm32l476xx.s:467: Error: bad instruction `tim5_irqhandler'
../EWARM/startup_stm32l476xx.s:470: Error: bad instruction `pubweak SPI3_IRQHandler'
../EWARM/startup_stm32l476xx.s:471: Error: bad instruction `section .text:CODE:NOROOT:REORDER(1)'
../EWARM/startup_stm32l476xx.s:472: Error: bad instruction `spi3_irqhandler'
../EWARM/startup_stm32l476xx.s:475: Error: bad instruction `pubweak UART4_IRQHandler'
../EWARM/startup_stm32l476xx.s:476: Error: bad instruction `section .text:CODE:NOROOT:REORDER(1)'
../EWARM/startup_stm32l476xx.s:477: Error: bad instruction `uart4_irqhandler'
../EWARM/startup_stm32l476xx.s:480: Error: bad instruction `pubweak UART5_IRQHandler'
../EWARM/startup_stm32l476xx.s:481: Error: bad instruction `section .text:CODE:NOROOT:REORDER(1)'
../EWARM/startup_stm32l476xx.s:482: Error: bad instruction `uart5_irqhandler'
../EWARM/startup_stm32l476xx.s:485: Error: bad instruction `pubweak TIM6_DAC_IRQHandler'
../EWARM/startup_stm32l476xx.s:486: Error: bad instruction `section .text:CODE:NOROOT:REORDER(1)'
../EWARM/startup_stm32l476xx.s:487: Error: bad instruction `tim6_dac_irqhandler'
../EWARM/startup_stm32l476xx.s:490: Error: bad instruction `pubweak TIM7_IRQHandler'
../EWARM/startup_stm32l476xx.s:491: Error: bad instruction `section .text:CODE:NOROOT:REORDER(1)'
../EWARM/startup_stm32l476xx.s:492: Error: bad instruction `tim7_irqhandler'
../EWARM/startup_stm32l476xx.s:495: Error: bad instruction `pubweak DMA2_Channel1_IRQHandler'
../EWARM/startup_stm32l476xx.s:496: Error: bad instruction `section .text:CODE:NOROOT:REORDER(1)'
../EWARM/startup_stm32l476xx.s:497: Error: bad instruction `dma2_channel1_irqhandler'
../EWARM/startup_stm32l476xx.s:500: Error: bad instruction `pubweak DMA2_Channel2_IRQHandler'
../EWARM/startup_stm32l476xx.s:501: Error: bad instruction `section .text:CODE:NOROOT:REORDER(1)'
../EWARM/startup_stm32l476xx.s:502: Error: bad instruction `dma2_channel2_irqhandler'
../EWARM/startup_stm32l476xx.s:505: Error: bad instruction `pubweak DMA2_Channel3_IRQHandler'
../EWARM/startup_stm32l476xx.s:506: Error: bad instruction `section .text:CODE:NOROOT:REORDER(1)'
../EWARM/startup_stm32l476xx.s:507: Error: bad instruction `dma2_channel3_irqhandler'
../EWARM/startup_stm32l476xx.s:510: Error: bad instruction `pubweak DMA2_Channel4_IRQHandler'
../EWARM/startup_stm32l476xx.s:511: Error: bad instruction `section .text:CODE:NOROOT:REORDER(1)'
../EWARM/startup_stm32l476xx.s:512: Error: bad instruction `dma2_channel4_irqhandler'
../EWARM/startup_stm32l476xx.s:515: Error: bad instruction `pubweak DMA2_Channel5_IRQHandler'
../EWARM/startup_stm32l476xx.s:516: Error: bad instruction `section .text:CODE:NOROOT:REORDER(1)'
../EWARM/startup_stm32l476xx.s:517: Error: bad instruction `dma2_channel5_irqhandler'
../EWARM/startup_stm32l476xx.s:520: Error: bad instruction `pubweak DFSDM1_FLT0_IRQHandler'
../EWARM/startup_stm32l476xx.s:521: Error: bad instruction `section .text:CODE:NOROOT:REORDER(1)'
../EWARM/startup_stm32l476xx.s:522: Error: bad instruction `dfsdm1_flt0_irqhandler'
../EWARM/startup_stm32l476xx.s:525: Error: bad instruction `pubweak DFSDM1_FLT1_IRQHandler'
../EWARM/startup_stm32l476xx.s:526: Error: bad instruction `section .text:CODE:NOROOT:REORDER(1)'
../EWARM/startup_stm32l476xx.s:527: Error: bad instruction `dfsdm1_flt1_irqhandler'
../EWARM/startup_stm32l476xx.s:530: Error: bad instruction `pubweak DFSDM1_FLT2_IRQHandler'
../EWARM/startup_stm32l476xx.s:531: Error: bad instruction `section .text:CODE:NOROOT:REORDER(1)'
../EWARM/startup_stm32l476xx.s:532: Error: bad instruction `dfsdm1_flt2_irqhandler'
../EWARM/startup_stm32l476xx.s:535: Error: bad instruction `pubweak COMP_IRQHandler'
../EWARM/startup_stm32l476xx.s:536: Error: bad instruction `section .text:CODE:NOROOT:REORDER(1)'
../EWARM/startup_stm32l476xx.s:537: Error: bad instruction `comp_irqhandler'
../EWARM/startup_stm32l476xx.s:540: Error: bad instruction `pubweak LPTIM1_IRQHandler'
../EWARM/startup_stm32l476xx.s:541: Error: bad instruction `section .text:CODE:NOROOT:REORDER(1)'
../EWARM/startup_stm32l476xx.s:542: Error: bad instruction `lptim1_irqhandler'
../EWARM/startup_stm32l476xx.s:545: Error: bad instruction `pubweak LPTIM2_IRQHandler'
../EWARM/startup_stm32l476xx.s:546: Error: bad instruction `section .text:CODE:NOROOT:REORDER(1)'
../EWARM/startup_stm32l476xx.s:547: Error: bad instruction `lptim2_irqhandler'
../EWARM/startup_stm32l476xx.s:550: Error: bad instruction `pubweak OTG_FS_IRQHandler'
../EWARM/startup_stm32l476xx.s:551: Error: bad instruction `section .text:CODE:NOROOT:REORDER(1)'
../EWARM/startup_stm32l476xx.s:552: Error: bad instruction `otg_fs_irqhandler'
../EWARM/startup_stm32l476xx.s:555: Error: bad instruction `pubweak DMA2_Channel6_IRQHandler'
../EWARM/startup_stm32l476xx.s:556: Error: bad instruction `section .text:CODE:NOROOT:REORDER(1)'
../EWARM/startup_stm32l476xx.s:557: Error: bad instruction `dma2_channel6_irqhandler'
../EWARM/startup_stm32l476xx.s:560: Error: bad instruction `pubweak DMA2_Channel7_IRQHandler'
../EWARM/startup_stm32l476xx.s:561: Error: bad instruction `section .text:CODE:NOROOT:REORDER(1)'
../EWARM/startup_stm32l476xx.s:562: Error: bad instruction `dma2_channel7_irqhandler'
../EWARM/startup_stm32l476xx.s:565: Error: bad instruction `pubweak LPUART1_IRQHandler'
../EWARM/startup_stm32l476xx.s:566: Error: bad instruction `section .text:CODE:NOROOT:REORDER(1)'
../EWARM/startup_stm32l476xx.s:567: Error: bad instruction `lpuart1_irqhandler'
../EWARM/startup_stm32l476xx.s:570: Error: bad instruction `pubweak QUADSPI_IRQHandler'
../EWARM/startup_stm32l476xx.s:571: Error: bad instruction `section .text:CODE:NOROOT:REORDER(1)'
../EWARM/startup_stm32l476xx.s:572: Error: bad instruction `quadspi_irqhandler'
../EWARM/startup_stm32l476xx.s:575: Error: bad instruction `pubweak I2C3_EV_IRQHandler'
../EWARM/startup_stm32l476xx.s:576: Error: bad instruction `section .text:CODE:NOROOT:REORDER(1)'
../EWARM/startup_stm32l476xx.s:577: Error: bad instruction `i2c3_ev_irqhandler'
../EWARM/startup_stm32l476xx.s:580: Error: bad instruction `pubweak I2C3_ER_IRQHandler'
../EWARM/startup_stm32l476xx.s:581: Error: bad instruction `section .text:CODE:NOROOT:REORDER(1)'
../EWARM/startup_stm32l476xx.s:582: Error: bad instruction `i2c3_er_irqhandler'
../EWARM/startup_stm32l476xx.s:585: Error: bad instruction `pubweak SAI1_IRQHandler'
../EWARM/startup_stm32l476xx.s:586: Error: bad instruction `section .text:CODE:NOROOT:REORDER(1)'
../EWARM/startup_stm32l476xx.s:587: Error: bad instruction `sai1_irqhandler'
../EWARM/startup_stm32l476xx.s:590: Error: bad instruction `pubweak SAI2_IRQHandler'
../EWARM/startup_stm32l476xx.s:591: Error: bad instruction `section .text:CODE:NOROOT:REORDER(1)'
../EWARM/startup_stm32l476xx.s:592: Error: bad instruction `sai2_irqhandler'
../EWARM/startup_stm32l476xx.s:595: Error: bad instruction `pubweak SWPMI1_IRQHandler'
../EWARM/startup_stm32l476xx.s:596: Error: bad instruction `section .text:CODE:NOROOT:REORDER(1)'
../EWARM/startup_stm32l476xx.s:597: Error: bad instruction `swpmi1_irqhandler'
../EWARM/startup_stm32l476xx.s:600: Error: bad instruction `pubweak TSC_IRQHandler'
../EWARM/startup_stm32l476xx.s:601: Error: bad instruction `section .text:CODE:NOROOT:REORDER(1)'
../EWARM/startup_stm32l476xx.s:602: Error: bad instruction `tsc_irqhandler'
../EWARM/startup_stm32l476xx.s:605: Error: bad instruction `pubweak LCD_IRQHandler'
../EWARM/startup_stm32l476xx.s:606: Error: bad instruction `section .text:CODE:NOROOT:REORDER(1)'
../EWARM/startup_stm32l476xx.s:607: Error: bad instruction `lcd_irqhandler'
../EWARM/startup_stm32l476xx.s:610: Error: bad instruction `pubweak RNG_IRQHandler'
../EWARM/startup_stm32l476xx.s:611: Error: bad instruction `section .text:CODE:NOROOT:REORDER(1)'
../EWARM/startup_stm32l476xx.s:612: Error: bad instruction `rng_irqhandler'
../EWARM/startup_stm32l476xx.s:615: Error: bad instruction `pubweak FPU_IRQHandler'
../EWARM/startup_stm32l476xx.s:616: Error: bad instruction `section .text:CODE:NOROOT:REORDER(1)'
../EWARM/startup_stm32l476xx.s:617: Error: bad instruction `fpu_irqhandler'
../EWARM/startup_stm32l476xx.s:620: Error: bad instruction `end'
make: *** [EWARM/subdir.mk:19: EWARM/startup_stm32l476xx.o] Error 1
"make -j9 all" terminated with exit code 2. Build might be incomplete.

17:13:08 Build Failed. 533 errors, 0 warnings. (took 841ms)

